# JRE version: OpenJDK Runtime Environment (11.0.11+9) (build 11.0.11+9-b60-7590822)
# Java VM: OpenJDK 64-Bit Server VM (11.0.11+9-b60-7590822, mixed mode, tiered, compressed oops, g1 gc, windows-amd64)
Heap:
 garbage-first heap   total 187392K, used 97119K [0x0000000080000000, 0x0000000100000000)
  region size 1024K, 10 young (10240K), 3 survivors (3072K)
 Metaspace       used 88037K, capacity 90172K, committed 90316K, reserved 1128448K
  class space    used 11337K, capacity 12161K, committed 12236K, reserved 1048576K
GC Heap History (20 events):
Event: 4.261 GC heap before
{Heap before GC invocations=7 (full 0):
 garbage-first heap   total 129024K, used 92525K [0x0000000080000000, 0x0000000100000000)
  region size 1024K, 73 young (74752K), 7 survivors (7168K)
 Metaspace       used 40151K, capacity 41061K, committed 41164K, reserved 1085440K
  class space    used 5137K, capacity 5506K, committed 5580K, reserved 1048576K
}
Event: 4.269 GC heap after
{Heap after GC invocations=8 (full 0):
 garbage-first heap   total 129024K, used 28265K [0x0000000080000000, 0x0000000100000000)
  region size 1024K, 9 young (9216K), 9 survivors (9216K)
 Metaspace       used 40151K, capacity 41061K, committed 41164K, reserved 1085440K
  class space    used 5137K, capacity 5506K, committed 5580K, reserved 1048576K
}
Event: 4.935 GC heap before
{Heap before GC invocations=8 (full 0):
 garbage-first heap   total 129024K, used 94825K [0x0000000080000000, 0x0000000100000000)
  region size 1024K, 73 young (74752K), 9 survivors (9216K)
 Metaspace       used 46036K, capacity 47153K, committed 47308K, reserved 1089536K
  class space    used 5922K, capacity 6334K, committed 6348K, reserved 1048576K
}
Event: 4.943 GC heap after
{Heap after GC invocations=9 (full 0):
 garbage-first heap   total 155648K, used 30326K [0x0000000080000000, 0x0000000100000000)
  region size 1024K, 3 young (3072K), 3 survivors (3072K)
 Metaspace       used 46036K, capacity 47153K, committed 47308K, reserved 1089536K
  class space    used 5922K, capacity 6334K, committed 6348K, reserved 1048576K
}
Event: 6.112 GC heap before
{Heap before GC invocations=9 (full 0):
 garbage-first heap   total 155648K, used 115318K [0x0000000080000000, 0x0000000100000000)
  region size 1024K, 82 young (83968K), 3 survivors (3072K)
 Metaspace       used 49169K, capacity 50516K, committed 50636K, reserved 1093632K
  class space    used 6293K, capacity 6800K, committed 6860K, reserved 1048576K
}
Event: 6.119 GC heap after
{Heap after GC invocations=10 (full 0):
 garbage-first heap   total 155648K, used 43633K [0x0000000080000000, 0x0000000100000000)
  region size 1024K, 11 young (11264K), 11 survivors (11264K)
 Metaspace       used 49169K, capacity 50516K, committed 50636K, reserved 1093632K
  class space    used 6293K, capacity 6800K, committed 6860K, reserved 1048576K
}
Event: 6.961 GC heap before
{Heap before GC invocations=10 (full 0):
 garbage-first heap   total 155648K, used 110193K [0x0000000080000000, 0x0000000100000000)
  region size 1024K, 77 young (78848K), 11 survivors (11264K)
 Metaspace       used 58831K, capacity 60186K, committed 60236K, reserved 1101824K
  class space    used 7439K, capacity 7972K, committed 8012K, reserved 1048576K
}
Event: 6.982 GC heap after
{Heap after GC invocations=11 (full 0):
 garbage-first heap   total 155648K, used 46071K [0x0000000080000000, 0x0000000100000000)
  region size 1024K, 3 young (3072K), 3 survivors (3072K)
 Metaspace       used 58831K, capacity 60186K, committed 60236K, reserved 1101824K
  class space    used 7439K, capacity 7972K, committed 8012K, reserved 1048576K
}
Event: 9.226 GC heap before
{Heap before GC invocations=12 (full 0):
 garbage-first heap   total 155648K, used 117751K [0x0000000080000000, 0x0000000100000000)
  region size 1024K, 73 young (74752K), 3 survivors (3072K)
 Metaspace       used 65615K, capacity 67168K, committed 67276K, reserved 1107968K
  class space    used 8309K, capacity 8878K, committed 8908K, reserved 1048576K
}
Event: 9.232 GC heap after
{Heap after GC invocations=13 (full 0):
 garbage-first heap   total 155648K, used 51647K [0x0000000080000000, 0x0000000100000000)
  region size 1024K, 9 young (9216K), 9 survivors (9216K)
 Metaspace       used 65615K, capacity 67168K, committed 67276K, reserved 1107968K
  class space    used 8309K, capacity 8878K, committed 8908K, reserved 1048576K
}
Event: 10.733 GC heap before
{Heap before GC invocations=13 (full 0):
 garbage-first heap   total 155648K, used 119231K [0x0000000080000000, 0x0000000100000000)
  region size 1024K, 75 young (76800K), 9 survivors (9216K)
 Metaspace       used 70717K, capacity 72289K, committed 72524K, reserved 1112064K
  class space    used 9133K, capacity 9730K, committed 9804K, reserved 1048576K
}
Event: 10.743 GC heap after
{Heap after GC invocations=14 (full 0):
 garbage-first heap   total 155648K, used 56397K [0x0000000080000000, 0x0000000100000000)
  region size 1024K, 5 young (5120K), 5 survivors (5120K)
 Metaspace       used 70717K, capacity 72289K, committed 72524K, reserved 1112064K
  class space    used 9133K, capacity 9730K, committed 9804K, reserved 1048576K
}
Event: 11.986 GC heap before
{Heap before GC invocations=14 (full 0):
 garbage-first heap   total 155648K, used 121933K [0x0000000080000000, 0x0000000100000000)
  region size 1024K, 69 young (70656K), 5 survivors (5120K)
 Metaspace       used 76474K, capacity 78197K, committed 78284K, reserved 1116160K
  class space    used 9980K, capacity 10635K, committed 10700K, reserved 1048576K
}
Event: 11.997 GC heap after
{Heap after GC invocations=15 (full 0):
 garbage-first heap   total 155648K, used 59978K [0x0000000080000000, 0x0000000100000000)
  region size 1024K, 9 young (9216K), 9 survivors (9216K)
 Metaspace       used 76474K, capacity 78197K, committed 78284K, reserved 1116160K
  class space    used 9980K, capacity 10635K, committed 10700K, reserved 1048576K
}
Event: 13.356 GC heap before
{Heap before GC invocations=15 (full 0):
 garbage-first heap   total 155648K, used 122442K [0x0000000080000000, 0x0000000100000000)
  region size 1024K, 71 young (72704K), 9 survivors (9216K)
 Metaspace       used 82774K, capacity 84674K, committed 84940K, reserved 1122304K
  class space    used 10713K, capacity 11429K, committed 11468K, reserved 1048576K
}
Event: 13.371 GC heap after
{Heap after GC invocations=16 (full 0):
 garbage-first heap   total 155648K, used 65779K [0x0000000080000000, 0x0000000100000000)
  region size 1024K, 9 young (9216K), 9 survivors (9216K)
 Metaspace       used 82774K, capacity 84674K, committed 84940K, reserved 1122304K
  class space    used 10713K, capacity 11429K, committed 11468K, reserved 1048576K
}
Event: 14.241 GC heap before
{Heap before GC invocations=16 (full 0):
 garbage-first heap   total 155648K, used 123123K [0x0000000080000000, 0x0000000100000000)
  region size 1024K, 66 young (67584K), 9 survivors (9216K)
 Metaspace       used 83933K, capacity 86075K, committed 86220K, reserved 1124352K
  class space    used 10874K, capacity 11678K, committed 11724K, reserved 1048576K
}
Event: 14.272 GC heap after
{Heap after GC invocations=17 (full 0):
 garbage-first heap   total 155648K, used 71224K [0x0000000080000000, 0x0000000100000000)
  region size 1024K, 5 young (5120K), 5 survivors (5120K)
 Metaspace       used 83933K, capacity 86075K, committed 86220K, reserved 1124352K
  class space    used 10874K, capacity 11678K, committed 11724K, reserved 1048576K
}
Event: 15.162 GC heap before
{Heap before GC invocations=17 (full 0):
 garbage-first heap   total 155648K, used 125496K [0x0000000080000000, 0x0000000100000000)
  region size 1024K, 57 young (58368K), 5 survivors (5120K)
 Metaspace       used 85783K, capacity 87989K, committed 88268K, reserved 1126400K
  class space    used 11086K, capacity 11907K, committed 11980K, reserved 1048576K
}
Event: 15.276 GC heap after
{Heap after GC invocations=18 (full 0):
 garbage-first heap   total 187392K, used 88064K [0x0000000080000000, 0x0000000100000000)
  region size 1024K, 8 young (8192K), 8 survivors (8192K)
 Metaspace       used 85783K, capacity 87989K, committed 88268K, reserved 1126400K
  class space    used 11086K, capacity 11907K, committed 11980K, reserved 1048576K
}

